This file contains any messages produced by compilers while
running configure, to aid debugging if configure makes a mistake.

It was created by libogg configure 1.3.5, which was
generated by GNU Autoconf 2.69.  Invocation command line was

  $ ./configure --prefix=/home/mrshuong/thow/project/me-stop-yap/libogg-1.3.5

## --------- ##
## Platform. ##
## --------- ##

hostname = mrshuong-ubuntu-server-1
uname -m = x86_64
uname -r = 5.15.0-125-generic
uname -s = Linux
uname -v = #135-Ubuntu SMP Fri Sep 27 13:53:58 UTC 2024

/usr/bin/uname -p = x86_64
/bin/uname -X     = unknown

/bin/arch              = x86_64
/usr/bin/arch -k       = unknown
/usr/convex/getsysinfo = unknown
/usr/bin/hostinfo      = unknown
/bin/machine           = unknown
/usr/bin/oslevel       = unknown
/bin/universe          = unknown

PATH: /home/mrshuong/.vscode-server/cli/servers/Stable-4437686ffebaf200fa4a6e6e67f735f3edf24ada/server/bin/remote-cli
PATH: /usr/local/sbin
PATH: /usr/local/bin
PATH: /usr/sbin
PATH: /usr/bin
PATH: /sbin
PATH: /bin
PATH: /usr/games
PATH: /usr/local/games
PATH: /snap/bin
PATH: /home/mrshuong/.dotnet/tools


## ----------- ##
## Core tests. ##
## ----------- ##

configure:2494: checking build system type
configure:2508: result: x86_64-pc-linux-gnu
configure:2528: checking host system type
configure:2541: result: x86_64-pc-linux-gnu
configure:2582: checking how to print strings
configure:2609: result: printf
configure:2681: checking for gcc
configure:2697: found /usr/bin/gcc
configure:2708: result: gcc
configure:2937: checking for C compiler version
configure:2946: gcc --version >&5
gcc (Ubuntu 11.4.0-1ubuntu1~22.04) 11.4.0
Copyright (C) 2021 Free Software Foundation, Inc.
This is free software; see the source for copying conditions.  There is NO
warranty; not even for MERCHANTABILITY or FITNESS FOR A PARTICULAR PURPOSE.

configure:2957: $? = 0
configure:2946: gcc -v >&5
Using built-in specs.
COLLECT_GCC=gcc
COLLECT_LTO_WRAPPER=/usr/lib/gcc/x86_64-linux-gnu/11/lto-wrapper
OFFLOAD_TARGET_NAMES=nvptx-none:amdgcn-amdhsa
OFFLOAD_TARGET_DEFAULT=1
Target: x86_64-linux-gnu
Configured with: ../src/configure -v --with-pkgversion='Ubuntu 11.4.0-1ubuntu1~22.04' --with-bugurl=file:///usr/share/doc/gcc-11/README.Bugs --enable-languages=c,ada,c++,go,brig,d,fortran,objc,obj-c++,m2 --prefix=/usr --with-gcc-major-version-only --program-suffix=-11 --program-prefix=x86_64-linux-gnu- --enable-shared --enable-linker-build-id --libexecdir=/usr/lib --without-included-gettext --enable-threads=posix --libdir=/usr/lib --enable-nls --enable-bootstrap --enable-clocale=gnu --enable-libstdcxx-debug --enable-libstdcxx-time=yes --with-default-libstdcxx-abi=new --enable-gnu-unique-object --disable-vtable-verify --enable-plugin --enable-default-pie --with-system-zlib --enable-libphobos-checking=release --with-target-system-zlib=auto --enable-objc-gc=auto --enable-multiarch --disable-werror --enable-cet --with-arch-32=i686 --with-abi=m64 --with-multilib-list=m32,m64,mx32 --enable-multilib --with-tune=generic --enable-offload-targets=nvptx-none=/build/gcc-11-XeT9lY/gcc-11-11.4.0/debian/tmp-nvptx/usr,amdgcn-amdhsa=/build/gcc-11-XeT9lY/gcc-11-11.4.0/debian/tmp-gcn/usr --without-cuda-driver --enable-checking=release --build=x86_64-linux-gnu --host=x86_64-linux-gnu --target=x86_64-linux-gnu --with-build-config=bootstrap-lto-lean --enable-link-serialization=2
Thread model: posix
Supported LTO compression algorithms: zlib zstd
gcc version 11.4.0 (Ubuntu 11.4.0-1ubuntu1~22.04) 
... rest of stderr output deleted ...
configure:2957: $? = 0
configure:2946: gcc -V >&5
gcc: error: unrecognized command-line option '-V'
gcc: fatal error: no input files
compilation terminated.
configure:2957: $? = 1
configure:2946: gcc -qversion >&5
gcc: error: unrecognized command-line option '-qversion'; did you mean '--version'?
gcc: fatal error: no input files
compilation terminated.
configure:2957: $? = 1
configure:2977: checking whether the C compiler works
configure:2999: gcc    conftest.c  >&5
configure:3003: $? = 0
configure:3051: result: yes
configure:3054: checking for C compiler default output file name
configure:3056: result: a.out
configure:3062: checking for suffix of executables
configure:3069: gcc -o conftest    conftest.c  >&5
configure:3073: $? = 0
configure:3095: result: 
configure:3117: checking whether we are cross compiling
configure:3125: gcc -o conftest    conftest.c  >&5
configure:3129: $? = 0
configure:3136: ./conftest
configure:3140: $? = 0
configure:3155: result: no
configure:3160: checking for suffix of object files
configure:3182: gcc -c   conftest.c >&5
configure:3186: $? = 0
configure:3207: result: o
configure:3211: checking whether we are using the GNU C compiler
configure:3230: gcc -c   conftest.c >&5
configure:3230: $? = 0
configure:3239: result: yes
configure:3248: checking whether gcc accepts -g
configure:3268: gcc -c -g  conftest.c >&5
configure:3268: $? = 0
configure:3309: result: yes
configure:3326: checking for gcc option to accept ISO C89
configure:3389: gcc  -c -g -O2  conftest.c >&5
configure:3389: $? = 0
configure:3402: result: none needed
configure:3427: checking whether gcc understands -c and -o together
configure:3449: gcc -c conftest.c -o conftest2.o
configure:3452: $? = 0
configure:3449: gcc -c conftest.c -o conftest2.o
configure:3452: $? = 0
configure:3464: result: yes
configure:3481: checking for a sed that does not truncate output
configure:3545: result: /usr/bin/sed
configure:3563: checking for grep that handles long lines and -e
configure:3621: result: /usr/bin/grep
configure:3626: checking for egrep
configure:3688: result: /usr/bin/grep -E
configure:3693: checking for fgrep
configure:3755: result: /usr/bin/grep -F
configure:3790: checking for ld used by gcc
configure:3857: result: /usr/bin/ld
configure:3864: checking if the linker (/usr/bin/ld) is GNU ld
configure:3879: result: yes
configure:3891: checking for BSD- or MS-compatible name lister (nm)
configure:3945: result: /usr/bin/nm -B
configure:4075: checking the name lister (/usr/bin/nm -B) interface
configure:4082: gcc -c -g -O2  conftest.c >&5
configure:4085: /usr/bin/nm -B "conftest.o"
configure:4088: output
0000000000000000 B some_variable
configure:4095: result: BSD nm
configure:4098: checking whether ln -s works
configure:4102: result: yes
configure:4110: checking the maximum length of command line arguments
configure:4241: result: 1572864
configure:4289: checking how to convert x86_64-pc-linux-gnu file names to x86_64-pc-linux-gnu format
configure:4329: result: func_convert_file_noop
configure:4336: checking how to convert x86_64-pc-linux-gnu file names to toolchain format
configure:4356: result: func_convert_file_noop
configure:4363: checking for /usr/bin/ld option to reload object files
configure:4370: result: -r
configure:4444: checking for objdump
configure:4460: found /usr/bin/objdump
configure:4471: result: objdump
configure:4503: checking how to recognize dependent libraries
configure:4703: result: pass_all
configure:4788: checking for dlltool
configure:4818: result: no
configure:4848: checking how to associate runtime and link libraries
configure:4875: result: printf %s\n
configure:4936: checking for ar
configure:4952: found /usr/bin/ar
configure:4963: result: ar
configure:5000: checking for archiver @FILE support
configure:5017: gcc -c -g -O2  conftest.c >&5
configure:5017: $? = 0
configure:5020: ar cr libconftest.a @conftest.lst >&5
configure:5023: $? = 0
configure:5028: ar cr libconftest.a @conftest.lst >&5
ar: conftest.o: No such file or directory
configure:5031: $? = 1
configure:5043: result: @
configure:5101: checking for strip
configure:5117: found /usr/bin/strip
configure:5128: result: strip
configure:5200: checking for ranlib
configure:5216: found /usr/bin/ranlib
configure:5227: result: ranlib
configure:5304: checking for gawk
configure:5320: found /usr/bin/gawk
configure:5331: result: gawk
configure:5371: checking command to parse /usr/bin/nm -B output from gcc object
configure:5524: gcc -c -g -O2  conftest.c >&5
configure:5527: $? = 0
configure:5531: /usr/bin/nm -B conftest.o | sed -n -e 's/^.*[	 ]\([ABCDGIRSTW][ABCDGIRSTW]*\)[	 ][	 ]*\([_A-Za-z][_A-Za-z0-9]*\)$/\1 \2 \2/p' | sed '/ __gnu_lto/d' > conftest.nm
configure:5597: gcc -o conftest -g -O2   conftest.c conftstm.o >&5
configure:5600: $? = 0
configure:5638: result: ok
configure:5685: checking for sysroot
configure:5715: result: no
configure:5722: checking for a working dd
configure:5760: result: /usr/bin/dd
configure:5764: checking how to truncate binary pipes
configure:5779: result: /usr/bin/dd bs=4096 count=1
configure:5915: gcc -c -g -O2  conftest.c >&5
configure:5918: $? = 0
configure:6108: checking for mt
configure:6124: found /usr/bin/mt
configure:6135: result: mt
configure:6158: checking if mt is a manifest tool
configure:6164: mt '-?'
configure:6172: result: no
configure:6849: checking how to run the C preprocessor
configure:6880: gcc -E  conftest.c
configure:6880: $? = 0
configure:6894: gcc -E  conftest.c
conftest.c:9:10: fatal error: ac_nonexistent.h: No such file or directory
    9 | #include <ac_nonexistent.h>
      |          ^~~~~~~~~~~~~~~~~~
compilation terminated.
configure:6894: $? = 1
configure: failed program was:
| /* confdefs.h */
| #define PACKAGE_NAME "libogg"
| #define PACKAGE_TARNAME "libogg"
| #define PACKAGE_VERSION "1.3.5"
| #define PACKAGE_STRING "libogg 1.3.5"
| #define PACKAGE_BUGREPORT "ogg-dev@xiph.org"
| #define PACKAGE_URL ""
| /* end confdefs.h.  */
| #include <ac_nonexistent.h>
configure:6919: result: gcc -E
configure:6939: gcc -E  conftest.c
configure:6939: $? = 0
configure:6953: gcc -E  conftest.c
conftest.c:9:10: fatal error: ac_nonexistent.h: No such file or directory
    9 | #include <ac_nonexistent.h>
      |          ^~~~~~~~~~~~~~~~~~
compilation terminated.
configure:6953: $? = 1
configure: failed program was:
| /* confdefs.h */
| #define PACKAGE_NAME "libogg"
| #define PACKAGE_TARNAME "libogg"
| #define PACKAGE_VERSION "1.3.5"
| #define PACKAGE_STRING "libogg 1.3.5"
| #define PACKAGE_BUGREPORT "ogg-dev@xiph.org"
| #define PACKAGE_URL ""
| /* end confdefs.h.  */
| #include <ac_nonexistent.h>
configure:6982: checking for ANSI C header files
configure:7002: gcc -c -g -O2  conftest.c >&5
configure:7002: $? = 0
configure:7075: gcc -o conftest -g -O2   conftest.c  >&5
configure:7075: $? = 0
configure:7075: ./conftest
configure:7075: $? = 0
configure:7086: result: yes
configure:7099: checking for sys/types.h
configure:7099: gcc -c -g -O2  conftest.c >&5
configure:7099: $? = 0
configure:7099: result: yes
configure:7099: checking for sys/stat.h
configure:7099: gcc -c -g -O2  conftest.c >&5
configure:7099: $? = 0
configure:7099: result: yes
configure:7099: checking for stdlib.h
configure:7099: gcc -c -g -O2  conftest.c >&5
configure:7099: $? = 0
configure:7099: result: yes
configure:7099: checking for string.h
configure:7099: gcc -c -g -O2  conftest.c >&5
configure:7099: $? = 0
configure:7099: result: yes
configure:7099: checking for memory.h
configure:7099: gcc -c -g -O2  conftest.c >&5
configure:7099: $? = 0
configure:7099: result: yes
configure:7099: checking for strings.h
configure:7099: gcc -c -g -O2  conftest.c >&5
configure:7099: $? = 0
configure:7099: result: yes
configure:7099: checking for inttypes.h
configure:7099: gcc -c -g -O2  conftest.c >&5
configure:7099: $? = 0
configure:7099: result: yes
configure:7099: checking for stdint.h
configure:7099: gcc -c -g -O2  conftest.c >&5
configure:7099: $? = 0
configure:7099: result: yes
configure:7099: checking for unistd.h
configure:7099: gcc -c -g -O2  conftest.c >&5
configure:7099: $? = 0
configure:7099: result: yes
configure:7113: checking for dlfcn.h
configure:7113: gcc -c -g -O2  conftest.c >&5
configure:7113: $? = 0
configure:7113: result: yes
configure:7369: checking for objdir
configure:7384: result: .libs
configure:7648: checking if gcc supports -fno-rtti -fno-exceptions
configure:7666: gcc -c -g -O2  -fno-rtti -fno-exceptions conftest.c >&5
cc1: warning: command-line option '-fno-rtti' is valid for C++/D/ObjC++ but not for C
configure:7670: $? = 0
configure:7683: result: no
configure:8047: checking for gcc option to produce PIC
configure:8054: result: -fPIC -DPIC
configure:8062: checking if gcc PIC flag -fPIC -DPIC works
configure:8080: gcc -c -g -O2  -fPIC -DPIC -DPIC conftest.c >&5
configure:8084: $? = 0
configure:8097: result: yes
configure:8126: checking if gcc static flag -static works
configure:8154: result: yes
configure:8169: checking if gcc supports -c -o file.o
configure:8190: gcc -c -g -O2  -o out/conftest2.o conftest.c >&5
configure:8194: $? = 0
configure:8216: result: yes
configure:8224: checking if gcc supports -c -o file.o
configure:8271: result: yes
configure:8304: checking whether the gcc linker (/usr/bin/ld -m elf_x86_64) supports shared libraries
configure:9567: result: yes
configure:9604: checking whether -lc should be explicitly linked in
configure:9612: gcc -c -g -O2  conftest.c >&5
configure:9615: $? = 0
configure:9630: gcc -shared  -fPIC -DPIC conftest.o  -v -Wl,-soname -Wl,conftest -o conftest 2\>\&1 \| /usr/bin/grep  -lc  \>/dev/null 2\>\&1
configure:9633: $? = 0
configure:9647: result: no
configure:9807: checking dynamic linker characteristics
configure:10388: gcc -o conftest -g -O2   -Wl,-rpath -Wl,/foo conftest.c  >&5
configure:10388: $? = 0
configure:10637: result: GNU/Linux ld.so
configure:10759: checking how to hardcode library paths into programs
configure:10784: result: immediate
configure:11332: checking whether stripping libraries is possible
configure:11337: result: yes
configure:11372: checking if libtool supports shared libraries
configure:11374: result: yes
configure:11377: checking whether to build shared libraries
configure:11402: result: yes
configure:11405: checking whether to build static libraries
configure:11409: result: yes
configure:11465: checking for a BSD-compatible install
configure:11533: result: /usr/bin/install -c
configure:11544: checking whether build environment is sane
configure:11599: result: yes
configure:11742: checking for a thread-safe mkdir -p
configure:11781: result: /usr/bin/mkdir -p
configure:11784: checking whether make sets $(MAKE)
configure:11806: result: yes
configure:11828: checking whether make supports the include directive
configure:11843: make -f confmf.GNU && cat confinc.out
this is the am__doit target
configure:11846: $? = 0
configure:11865: result: yes (GNU style)
configure:11898: checking whether make supports nested variables
configure:11915: result: yes
configure:12000: checking dependency style of gcc
configure:12111: result: gcc3
configure:12170: checking whether to enable maintainer-specific portions of Makefiles
configure:12179: result: yes
configure:12249: checking for gcc
configure:12276: result: gcc
configure:12505: checking for C compiler version
configure:12514: gcc --version >&5
gcc (Ubuntu 11.4.0-1ubuntu1~22.04) 11.4.0
Copyright (C) 2021 Free Software Foundation, Inc.
This is free software; see the source for copying conditions.  There is NO
warranty; not even for MERCHANTABILITY or FITNESS FOR A PARTICULAR PURPOSE.

configure:12525: $? = 0
configure:12514: gcc -v >&5
Using built-in specs.
COLLECT_GCC=gcc
COLLECT_LTO_WRAPPER=/usr/lib/gcc/x86_64-linux-gnu/11/lto-wrapper
OFFLOAD_TARGET_NAMES=nvptx-none:amdgcn-amdhsa
OFFLOAD_TARGET_DEFAULT=1
Target: x86_64-linux-gnu
Configured with: ../src/configure -v --with-pkgversion='Ubuntu 11.4.0-1ubuntu1~22.04' --with-bugurl=file:///usr/share/doc/gcc-11/README.Bugs --enable-languages=c,ada,c++,go,brig,d,fortran,objc,obj-c++,m2 --prefix=/usr --with-gcc-major-version-only --program-suffix=-11 --program-prefix=x86_64-linux-gnu- --enable-shared --enable-linker-build-id --libexecdir=/usr/lib --without-included-gettext --enable-threads=posix --libdir=/usr/lib --enable-nls --enable-bootstrap --enable-clocale=gnu --enable-libstdcxx-debug --enable-libstdcxx-time=yes --with-default-libstdcxx-abi=new --enable-gnu-unique-object --disable-vtable-verify --enable-plugin --enable-default-pie --with-system-zlib --enable-libphobos-checking=release --with-target-system-zlib=auto --enable-objc-gc=auto --enable-multiarch --disable-werror --enable-cet --with-arch-32=i686 --with-abi=m64 --with-multilib-list=m32,m64,mx32 --enable-multilib --with-tune=generic --enable-offload-targets=nvptx-none=/build/gcc-11-XeT9lY/gcc-11-11.4.0/debian/tmp-nvptx/usr,amdgcn-amdhsa=/build/gcc-11-XeT9lY/gcc-11-11.4.0/debian/tmp-gcn/usr --without-cuda-driver --enable-checking=release --build=x86_64-linux-gnu --host=x86_64-linux-gnu --target=x86_64-linux-gnu --with-build-config=bootstrap-lto-lean --enable-link-serialization=2
Thread model: posix
Supported LTO compression algorithms: zlib zstd
gcc version 11.4.0 (Ubuntu 11.4.0-1ubuntu1~22.04) 
... rest of stderr output deleted ...
configure:12525: $? = 0
configure:12514: gcc -V >&5
gcc: error: unrecognized command-line option '-V'
gcc: fatal error: no input files
compilation terminated.
configure:12525: $? = 1
configure:12514: gcc -qversion >&5
gcc: error: unrecognized command-line option '-qversion'; did you mean '--version'?
gcc: fatal error: no input files
compilation terminated.
configure:12525: $? = 1
configure:12529: checking whether we are using the GNU C compiler
configure:12557: result: yes
configure:12566: checking whether gcc accepts -g
configure:12627: result: yes
configure:12644: checking for gcc option to accept ISO C89
configure:12720: result: none needed
configure:12745: checking whether gcc understands -c and -o together
configure:12782: result: yes
configure:12851: checking for ANSI C header files
configure:12955: result: yes
configure:12966: checking for inttypes.h
configure:12966: result: yes
configure:12972: checking for stdint.h
configure:12972: result: yes
configure:12978: checking for sys/types.h
configure:12978: result: yes
configure:12985: checking for an ANSI C-conforming const
configure:13051: gcc -c -O2 -Wall -ffast-math -fsigned-char -g -O2  conftest.c >&5
configure:13051: $? = 0
configure:13058: result: yes
configure:13072: checking size of int16_t
configure:13077: gcc -o conftest -O2 -Wall -ffast-math -fsigned-char -g -O2   conftest.c  >&5
configure:13077: $? = 0
configure:13077: ./conftest
configure:13077: $? = 0
configure:13091: result: 2
configure:13105: checking size of uint16_t
configure:13110: gcc -o conftest -O2 -Wall -ffast-math -fsigned-char -g -O2   conftest.c  >&5
configure:13110: $? = 0
configure:13110: ./conftest
configure:13110: $? = 0
configure:13124: result: 2
configure:13138: checking size of u_int16_t
configure:13143: gcc -o conftest -O2 -Wall -ffast-math -fsigned-char -g -O2   conftest.c  >&5
configure:13143: $? = 0
configure:13143: ./conftest
configure:13143: $? = 0
configure:13157: result: 2
configure:13171: checking size of int32_t
configure:13176: gcc -o conftest -O2 -Wall -ffast-math -fsigned-char -g -O2   conftest.c  >&5
configure:13176: $? = 0
configure:13176: ./conftest
configure:13176: $? = 0
configure:13190: result: 4
configure:13204: checking size of uint32_t
configure:13209: gcc -o conftest -O2 -Wall -ffast-math -fsigned-char -g -O2   conftest.c  >&5
configure:13209: $? = 0
configure:13209: ./conftest
configure:13209: $? = 0
configure:13223: result: 4
configure:13237: checking size of u_int32_t
configure:13242: gcc -o conftest -O2 -Wall -ffast-math -fsigned-char -g -O2   conftest.c  >&5
configure:13242: $? = 0
configure:13242: ./conftest
configure:13242: $? = 0
configure:13256: result: 4
configure:13270: checking size of int64_t
configure:13275: gcc -o conftest -O2 -Wall -ffast-math -fsigned-char -g -O2   conftest.c  >&5
configure:13275: $? = 0
configure:13275: ./conftest
configure:13275: $? = 0
configure:13289: result: 8
configure:13303: checking size of uint64_t
configure:13308: gcc -o conftest -O2 -Wall -ffast-math -fsigned-char -g -O2   conftest.c  >&5
configure:13308: $? = 0
configure:13308: ./conftest
configure:13308: $? = 0
configure:13322: result: 8
configure:13336: checking size of short
configure:13341: gcc -o conftest -O2 -Wall -ffast-math -fsigned-char -g -O2   conftest.c  >&5
configure:13341: $? = 0
configure:13341: ./conftest
configure:13341: $? = 0
configure:13355: result: 2
configure:13369: checking size of int
configure:13374: gcc -o conftest -O2 -Wall -ffast-math -fsigned-char -g -O2   conftest.c  >&5
configure:13374: $? = 0
configure:13374: ./conftest
configure:13374: $? = 0
configure:13388: result: 4
configure:13402: checking size of long
configure:13407: gcc -o conftest -O2 -Wall -ffast-math -fsigned-char -g -O2   conftest.c  >&5
configure:13407: $? = 0
configure:13407: ./conftest
configure:13407: $? = 0
configure:13421: result: 8
configure:13435: checking size of long long
configure:13440: gcc -o conftest -O2 -Wall -ffast-math -fsigned-char -g -O2   conftest.c  >&5
configure:13440: $? = 0
configure:13440: ./conftest
configure:13440: $? = 0
configure:13454: result: 8
configure:13553: checking for working memcmp
configure:13596: gcc -o conftest -O2 -Wall -ffast-math -fsigned-char -g -O2   conftest.c  >&5
configure:13596: $? = 0
configure:13596: ./conftest
configure:13596: $? = 0
configure:13606: result: yes
configure:13740: checking that generated files are newer than configure
configure:13746: result: done
configure:13777: creating ./config.status

## ---------------------- ##
## Running config.status. ##
## ---------------------- ##

This file was extended by libogg config.status 1.3.5, which was
generated by GNU Autoconf 2.69.  Invocation command line was

  CONFIG_FILES    = 
  CONFIG_HEADERS  = 
  CONFIG_LINKS    = 
  CONFIG_COMMANDS = 
  $ ./config.status 

on mrshuong-ubuntu-server-1

config.status:1127: creating Makefile
config.status:1127: creating src/Makefile
config.status:1127: creating doc/Makefile
config.status:1127: creating doc/libogg/Makefile
config.status:1127: creating include/Makefile
config.status:1127: creating include/ogg/Makefile
config.status:1127: creating include/ogg/config_types.h
config.status:1127: creating libogg.spec
config.status:1127: creating ogg.pc
config.status:1127: creating ogg-uninstalled.pc
config.status:1127: creating config.h
config.status:1356: executing libtool commands
config.status:1356: executing depfiles commands
config.status:1975: cd src       && sed -e '/# am--include-marker/d' Makefile         | make -f - am--depfiles
config.status:1980: $? = 0

## ---------------- ##
## Cache variables. ##
## ---------------- ##

ac_cv_build=x86_64-pc-linux-gnu
ac_cv_c_compiler_gnu=yes
ac_cv_c_const=yes
ac_cv_env_CC_set=
ac_cv_env_CC_value=
ac_cv_env_CFLAGS_set=
ac_cv_env_CFLAGS_value=
ac_cv_env_CPPFLAGS_set=
ac_cv_env_CPPFLAGS_value=
ac_cv_env_CPP_set=
ac_cv_env_CPP_value=
ac_cv_env_LDFLAGS_set=
ac_cv_env_LDFLAGS_value=
ac_cv_env_LIBS_set=
ac_cv_env_LIBS_value=
ac_cv_env_LT_SYS_LIBRARY_PATH_set=
ac_cv_env_LT_SYS_LIBRARY_PATH_value=
ac_cv_env_build_alias_set=
ac_cv_env_build_alias_value=
ac_cv_env_host_alias_set=
ac_cv_env_host_alias_value=
ac_cv_env_target_alias_set=
ac_cv_env_target_alias_value=
ac_cv_func_memcmp_working=yes
ac_cv_header_dlfcn_h=yes
ac_cv_header_inttypes_h=yes
ac_cv_header_memory_h=yes
ac_cv_header_stdc=yes
ac_cv_header_stdint_h=yes
ac_cv_header_stdlib_h=yes
ac_cv_header_string_h=yes
ac_cv_header_strings_h=yes
ac_cv_header_sys_stat_h=yes
ac_cv_header_sys_types_h=yes
ac_cv_header_unistd_h=yes
ac_cv_host=x86_64-pc-linux-gnu
ac_cv_objext=o
ac_cv_path_EGREP='/usr/bin/grep -E'
ac_cv_path_FGREP='/usr/bin/grep -F'
ac_cv_path_GREP=/usr/bin/grep
ac_cv_path_SED=/usr/bin/sed
ac_cv_path_install='/usr/bin/install -c'
ac_cv_path_lt_DD=/usr/bin/dd
ac_cv_path_mkdir=/usr/bin/mkdir
ac_cv_prog_AWK=gawk
ac_cv_prog_CPP='gcc -E'
ac_cv_prog_ac_ct_AR=ar
ac_cv_prog_ac_ct_CC=gcc
ac_cv_prog_ac_ct_MANIFEST_TOOL=mt
ac_cv_prog_ac_ct_OBJDUMP=objdump
ac_cv_prog_ac_ct_RANLIB=ranlib
ac_cv_prog_ac_ct_STRIP=strip
ac_cv_prog_cc_c89=
ac_cv_prog_cc_g=yes
ac_cv_prog_make_make_set=yes
ac_cv_sizeof_int16_t=2
ac_cv_sizeof_int32_t=4
ac_cv_sizeof_int64_t=8
ac_cv_sizeof_int=4
ac_cv_sizeof_long=8
ac_cv_sizeof_long_long=8
ac_cv_sizeof_short=2
ac_cv_sizeof_u_int16_t=2
ac_cv_sizeof_u_int32_t=4
ac_cv_sizeof_uint16_t=2
ac_cv_sizeof_uint32_t=4
ac_cv_sizeof_uint64_t=8
am_cv_CC_dependencies_compiler_type=gcc3
am_cv_make_support_nested_variables=yes
am_cv_prog_cc_c_o=yes
lt_cv_ar_at_file=@
lt_cv_archive_cmds_need_lc=no
lt_cv_deplibs_check_method=pass_all
lt_cv_file_magic_cmd='$MAGIC_CMD'
lt_cv_file_magic_test_file=
lt_cv_ld_reload_flag=-r
lt_cv_nm_interface='BSD nm'
lt_cv_objdir=.libs
lt_cv_path_LD=/usr/bin/ld
lt_cv_path_NM='/usr/bin/nm -B'
lt_cv_path_mainfest_tool=no
lt_cv_prog_compiler_c_o=yes
lt_cv_prog_compiler_pic='-fPIC -DPIC'
lt_cv_prog_compiler_pic_works=yes
lt_cv_prog_compiler_rtti_exceptions=no
lt_cv_prog_compiler_static_works=yes
lt_cv_prog_gnu_ld=yes
lt_cv_sharedlib_from_linklib_cmd='printf %s\n'
lt_cv_shlibpath_overrides_runpath=yes
lt_cv_sys_global_symbol_pipe='sed -n -e '\''s/^.*[	 ]\([ABCDGIRSTW][ABCDGIRSTW]*\)[	 ][	 ]*\([_A-Za-z][_A-Za-z0-9]*\)$/\1 \2 \2/p'\'' | sed '\''/ __gnu_lto/d'\'''
lt_cv_sys_global_symbol_to_c_name_address='sed -n -e '\''s/^: \(.*\) .*$/  {"\1", (void *) 0},/p'\'' -e '\''s/^[ABCDGIRSTW][ABCDGIRSTW]* .* \(.*\)$/  {"\1", (void *) \&\1},/p'\'''
lt_cv_sys_global_symbol_to_c_name_address_lib_prefix='sed -n -e '\''s/^: \(.*\) .*$/  {"\1", (void *) 0},/p'\'' -e '\''s/^[ABCDGIRSTW][ABCDGIRSTW]* .* \(lib.*\)$/  {"\1", (void *) \&\1},/p'\'' -e '\''s/^[ABCDGIRSTW][ABCDGIRSTW]* .* \(.*\)$/  {"lib\1", (void *) \&\1},/p'\'''
lt_cv_sys_global_symbol_to_cdecl='sed -n -e '\''s/^T .* \(.*\)$/extern int \1();/p'\'' -e '\''s/^[ABCDGIRSTW][ABCDGIRSTW]* .* \(.*\)$/extern char \1;/p'\'''
lt_cv_sys_global_symbol_to_import=
lt_cv_sys_max_cmd_len=1572864
lt_cv_to_host_file_cmd=func_convert_file_noop
lt_cv_to_tool_file_cmd=func_convert_file_noop
lt_cv_truncate_bin='/usr/bin/dd bs=4096 count=1'

## ----------------- ##
## Output variables. ##
## ----------------- ##

ACLOCAL='${SHELL} '\''/home/mrshuong/thow/project/me-stop-yap/libogg-1.3.5/missing'\'' aclocal-1.16'
AMDEPBACKSLASH='\'
AMDEP_FALSE='#'
AMDEP_TRUE=''
AMTAR='$${TAR-tar}'
AM_BACKSLASH='\'
AM_DEFAULT_V='$(AM_DEFAULT_VERBOSITY)'
AM_DEFAULT_VERBOSITY='1'
AM_V='$(V)'
AR='ar'
AUTOCONF='${SHELL} '\''/home/mrshuong/thow/project/me-stop-yap/libogg-1.3.5/missing'\'' autoconf'
AUTOHEADER='${SHELL} '\''/home/mrshuong/thow/project/me-stop-yap/libogg-1.3.5/missing'\'' autoheader'
AUTOMAKE='${SHELL} '\''/home/mrshuong/thow/project/me-stop-yap/libogg-1.3.5/missing'\'' automake-1.16'
AWK='gawk'
CC='gcc'
CCDEPMODE='depmode=gcc3'
CFLAGS='-O2 -Wall -ffast-math -fsigned-char -g -O2'
CPP='gcc -E'
CPPFLAGS=''
CYGPATH_W='echo'
DEBUG='-g -Wall -fsigned-char -g -O2'
DEFS='-DHAVE_CONFIG_H'
DEPDIR='.deps'
DISABLE_CRC_FALSE=''
DISABLE_CRC_TRUE='#'
DLLTOOL='false'
DSYMUTIL=''
DUMPBIN=''
ECHO_C=''
ECHO_N='-n'
ECHO_T=''
EGREP='/usr/bin/grep -E'
EXEEXT=''
FGREP='/usr/bin/grep -F'
GREP='/usr/bin/grep'
INCLUDE_INTTYPES_H='1'
INCLUDE_STDINT_H='1'
INCLUDE_SYS_TYPES_H='1'
INSTALL_DATA='${INSTALL} -m 644'
INSTALL_PROGRAM='${INSTALL}'
INSTALL_SCRIPT='${INSTALL}'
INSTALL_STRIP_PROGRAM='$(install_sh) -c -s'
LD='/usr/bin/ld -m elf_x86_64'
LDFLAGS=''
LIBOBJS=''
LIBS=''
LIBTOOL='$(SHELL) $(top_builddir)/libtool'
LIBTOOL_DEPS='./ltmain.sh'
LIB_AGE='8'
LIB_CURRENT='8'
LIB_REVISION='5'
LIPO=''
LN_S='ln -s'
LTLIBOBJS=''
LT_SYS_LIBRARY_PATH=''
MAINT=''
MAINTAINER_MODE_FALSE='#'
MAINTAINER_MODE_TRUE=''
MAKEINFO='${SHELL} '\''/home/mrshuong/thow/project/me-stop-yap/libogg-1.3.5/missing'\'' makeinfo'
MANIFEST_TOOL=':'
MKDIR_P='/usr/bin/mkdir -p'
NM='/usr/bin/nm -B'
NMEDIT=''
OBJDUMP='objdump'
OBJEXT='o'
OPT=''
OTOOL64=''
OTOOL=''
PACKAGE='libogg'
PACKAGE_BUGREPORT='ogg-dev@xiph.org'
PACKAGE_NAME='libogg'
PACKAGE_STRING='libogg 1.3.5'
PACKAGE_TARNAME='libogg'
PACKAGE_URL=''
PACKAGE_VERSION='1.3.5'
PATH_SEPARATOR=':'
PROFILE='-Wall -W -pg -g -O2 -ffast-math -fsigned-char -g -O2'
RANLIB='ranlib'
SED='/usr/bin/sed'
SET_MAKE=''
SHELL='/bin/bash'
SIZE16='int16_t'
SIZE32='int32_t'
SIZE64='int64_t'
STRIP='strip'
USIZE16='uint16_t'
USIZE32='uint32_t'
USIZE64='uint64_t'
VERSION='1.3.5'
ac_ct_AR='ar'
ac_ct_CC='gcc'
ac_ct_DUMPBIN=''
am__EXEEXT_FALSE=''
am__EXEEXT_TRUE='#'
am__fastdepCC_FALSE='#'
am__fastdepCC_TRUE=''
am__include='include'
am__isrc=''
am__leading_dot='.'
am__nodep='_no'
am__quote=''
am__tar='$${TAR-tar} chof - "$$tardir"'
am__untar='$${TAR-tar} xf -'
bindir='${exec_prefix}/bin'
build='x86_64-pc-linux-gnu'
build_alias=''
build_cpu='x86_64'
build_os='linux-gnu'
build_vendor='pc'
datadir='${datarootdir}'
datarootdir='${prefix}/share'
docdir='${datarootdir}/doc/${PACKAGE_TARNAME}'
dvidir='${docdir}'
exec_prefix='${prefix}'
host='x86_64-pc-linux-gnu'
host_alias=''
host_cpu='x86_64'
host_os='linux-gnu'
host_vendor='pc'
htmldir='${docdir}'
includedir='${prefix}/include'
infodir='${datarootdir}/info'
install_sh='${SHELL} /home/mrshuong/thow/project/me-stop-yap/libogg-1.3.5/install-sh'
libdir='${exec_prefix}/lib'
libexecdir='${exec_prefix}/libexec'
localedir='${datarootdir}/locale'
localstatedir='${prefix}/var'
mandir='${datarootdir}/man'
mkdir_p='$(MKDIR_P)'
oldincludedir='/usr/include'
pdfdir='${docdir}'
prefix='/home/mrshuong/thow/project/me-stop-yap/libogg-1.3.5'
program_transform_name='s,x,x,'
psdir='${docdir}'
runstatedir='${localstatedir}/run'
sbindir='${exec_prefix}/sbin'
sharedstatedir='${prefix}/com'
sysconfdir='${prefix}/etc'
target_alias=''

## ----------- ##
## confdefs.h. ##
## ----------- ##

/* confdefs.h */
#define PACKAGE_NAME "libogg"
#define PACKAGE_TARNAME "libogg"
#define PACKAGE_VERSION "1.3.5"
#define PACKAGE_STRING "libogg 1.3.5"
#define PACKAGE_BUGREPORT "ogg-dev@xiph.org"
#define PACKAGE_URL ""
#define STDC_HEADERS 1
#define HAVE_SYS_TYPES_H 1
#define HAVE_SYS_STAT_H 1
#define HAVE_STDLIB_H 1
#define HAVE_STRING_H 1
#define HAVE_MEMORY_H 1
#define HAVE_STRINGS_H 1
#define HAVE_INTTYPES_H 1
#define HAVE_STDINT_H 1
#define HAVE_UNISTD_H 1
#define HAVE_DLFCN_H 1
#define LT_OBJDIR ".libs/"
#define PACKAGE "libogg"
#define VERSION "1.3.5"
#define STDC_HEADERS 1
#define SIZEOF_INT16_T 2
#define SIZEOF_UINT16_T 2
#define SIZEOF_U_INT16_T 2
#define SIZEOF_INT32_T 4
#define SIZEOF_UINT32_T 4
#define SIZEOF_U_INT32_T 4
#define SIZEOF_INT64_T 8
#define SIZEOF_UINT64_T 8
#define SIZEOF_SHORT 2
#define SIZEOF_INT 4
#define SIZEOF_LONG 8
#define SIZEOF_LONG_LONG 8

configure: exit 0
